TN:
SF:/Users/fabien/alyra/formation/Developpeur-Ethereum-Template/4. Truffle & CI-CD/voting-truffle/contracts/voting.sol
FN:44,onlyVoters
FN:53,getVoter
FN:57,getOneProposal
FN:64,addVoter
FN:82,addProposal
FN:95,setVote
FN:134,startProposalsRegistering
FN:140,endProposalsRegistering
FN:146,startVotingSession
FN:152,endVotingSession
FN:183,tallyVotes
FNF:11
FNH:11
FNDA:126,onlyVoters
FNDA:4,getVoter
FNDA:12,getOneProposal
FNDA:78,addVoter
FNDA:56,addProposal
FNDA:50,setVote
FNDA:26,startProposalsRegistering
FNDA:21,endProposalsRegistering
FNDA:20,startVotingSession
FNDA:12,endVotingSession
FNDA:6,tallyVotes
DA:45,126
DA:46,122
DA:54,4
DA:58,12
DA:65,78
DA:66,76
DA:68,74
DA:69,74
DA:83,56
DA:84,54
DA:87,52
DA:88,52
DA:89,52
DA:90,52
DA:96,50
DA:97,48
DA:98,46
DA:100,44
DA:101,44
DA:102,44
DA:104,42
DA:135,26
DA:136,24
DA:137,24
DA:141,21
DA:142,19
DA:143,19
DA:147,20
DA:148,18
DA:149,18
DA:153,12
DA:154,10
DA:155,10
DA:184,6
DA:185,4
DA:186,4
DA:187,20
DA:188,4
DA:191,4
DA:193,4
DA:194,4
LF:41
LH:41
BRDA:45,1,0,122
BRDA:45,1,1,4
BRDA:65,2,0,76
BRDA:65,2,1,2
BRDA:66,3,0,74
BRDA:66,3,1,2
BRDA:83,4,0,54
BRDA:83,4,1,2
BRDA:84,5,0,52
BRDA:84,5,1,2
BRDA:96,6,0,48
BRDA:96,6,1,2
BRDA:97,7,0,46
BRDA:97,7,1,2
BRDA:98,8,0,44
BRDA:98,8,1,2
BRDA:135,9,0,24
BRDA:135,9,1,2
BRDA:141,10,0,19
BRDA:141,10,1,2
BRDA:147,11,0,18
BRDA:147,11,1,2
BRDA:153,12,0,10
BRDA:153,12,1,2
BRDA:184,13,0,4
BRDA:184,13,1,2
BRDA:187,14,0,4
BRDA:187,14,1,16
BRF:28
BRH:28
end_of_record
